Welcome to MamatChat.
Invalid Input! Type Help for possible Inputs
User doesn't exist
Wrong password
Invalid Input! Type Help for possible Inputs
Hi Ariel, you have no new messages.
No conversations
Users matching the pattern are:
David
No user matches the pattern
Users matching the pattern are:
Admin
Ariel
David
Invalid conversation number
Invalid conversation number
Failed to create conversation - User repetitions found in participants list
Failed to create conversation - some users don't exist
Participants: Ariel (read), David (read), Moshe (read)
Conversations:
1) Participants: Ariel, David, Moshe
Hi Ariel, you have no new messages.
Welcome to MamatChat.
Hi David, you have new messages.
Messages
Logout
Conversations:
1) (UNREAD) Participants: David, Moshe
Participants: David (read), Moshe (unread)
Ariel : Shalom Haverim Mi Ba Leseret
Ariel : Lama Af Hehad Lo HoNE
Ariel : Tov Halacti Levad
Conversations:
1) Participants: David, Moshe
Hi David, you have no new messages.
Invalid Input! Type Help for possible Inputs
Welcome to MamatChat.
Hi Moshe, you have new messages.
Conversations:
1) (UNREAD) Participants: David, Moshe
Invalid conversation number
Invalid conversation number
Invalid conversation number
Participants: David (read), Moshe (read)
Ariel : Shalom Haverim Mi Ba Leseret
Ariel : Lama Af Hehad Lo HoNE
Ariel : Tov Halacti Levad
David : Niraa Li Sheo Coaes Haleino
Conversations:
1) Participants: David, Moshe
Participants: Ariel (read), David (read), Moshe (read)
Conversations:
1) Participants: Ariel, David, Moshe
Hi Moshe, you have no new messages.
Invalid Input! Type Help for possible Inputs
Welcome to MamatChat.
Hi David, you have new messages.
Conversations:
1) (UNREAD) Participants: Ariel, David, Moshe
2) (UNREAD) Participants: David
Participants: David (read)
Ariel : Shalom Haverim Mi Ba Leseret
Ariel : Lama Af Hehad Lo HoNE
Ariel : Tov Halacti Levad
David : Niraa Li Sheo Coaes Haleino
Moshe : Can Hahi Hata Tzodek
Moshe : Tov Hani Yotze Mepo
Conversations:
1) Participants: David
2) (UNREAD) Participants: Ariel, David, Moshe
Participants: Ariel (unread), David (read), Moshe (read)
Moshe : Lama Halacth Ariel
Conversations:
1) Participants: Ariel, David, Moshe
2) Participants: David
Invalid conversation number
Invalid conversation number
Invalid conversation number
Hi David, you have no new messages.
Invalid Input! Type Help for possible Inputs
Invalid Input! Type Help for possible Inputs
Welcome to MamatChat.
Hi Admin, you have no new messages.
Failed to remove user - User is an administrator
User doesn't exist
Welcome to MamatChat.
Hi Admin2, you have no new messages.
Failed to remove user - User is an administrator
No conversations
Participants: Admin (read), Admin2 (read)
Invalid Input! Type Help for possible Inputs
Conversations:
1) Participants: Admin, Admin2
Hi Admin2, you have no new messages.
Welcome to MamatChat.
Invalid Input! Type Help for possible Inputs
Hi Moshe, you have new messages.
Conversations:
1) (UNREAD) Participants: Ariel, Moshe
Participants: Ariel (unread), Moshe (read)
Moshe : Lama Halacth Ariel
David : Rak Ratizi Lecdok Shezot Hashija Hareshona
David : Hani Soger at Hashnia
Invalid Input! Type Help for possible Inputs
Invalid Input! Type Help for possible Inputs
